\BOOKMARK [2][-]{subsection.0.1}{Conjuntos Num\351ricos}{}% 1
\BOOKMARK [2][-]{subsection.0.2}{Conjunto dos N\372meros Naturais - N}{}% 2
\BOOKMARK [2][-]{subsection.0.3}{N\372meros Cardinais e Ordinais}{}% 3
\BOOKMARK [2][-]{subsection.0.4}{Conjunto dos N\372meros Inteiros - Z}{}% 4
\BOOKMARK [2][-]{subsection.0.5}{Conjunto dos N\372meros Racionais - Q}{}% 5
\BOOKMARK [2][-]{subsection.0.6}{Conjunto dos N\372meros Irracionais - I}{}% 6
\BOOKMARK [2][-]{subsection.0.7}{Conjunto dos N\372meros Reais - R}{}% 7
\BOOKMARK [2][-]{subsection.0.8}{Conjunto dos N\372meros Complexos - C}{}% 8
\BOOKMARK [2][-]{subsection.0.9}{Uni\343o entre Conjuntos}{}% 9
\BOOKMARK [2][-]{subsection.0.10}{Interse\347\343o entre Conjuntos}{}% 10
\BOOKMARK [2][-]{subsection.0.11}{Diferen\347a entre Conjuntos}{}% 11
\BOOKMARK [2][-]{subsection.0.12}{Conjunto Complementar}{}% 12
\BOOKMARK [2][-]{subsection.0.13}{S\355mbolos usados com conjuntos}{}% 13
\BOOKMARK [2][-]{subsection.0.14}{Exerc\355cios}{}% 14
\BOOKMARK [2][-]{subsection.0.15}{Regra de Tr\352s Simples}{}% 15
\BOOKMARK [2][-]{subsection.0.16}{Exerc\355cios de Regra de Tr\352s Simples}{}% 16
\BOOKMARK [2][-]{subsection.0.17}{Juros Simples}{}% 17
\BOOKMARK [2][-]{subsection.0.18}{Exerc\355cios Porcentagem e Juros Simples}{}% 18
\BOOKMARK [2][-]{subsection.0.19}{Exerc\355cios Princ\355pio de Contagem}{}% 19
\BOOKMARK [2][-]{subsection.0.20}{Fatorial}{}% 20
\BOOKMARK [2][-]{subsection.0.21}{Equa\347\365es fatoriais}{}% 21
\BOOKMARK [2][-]{subsection.0.22}{Opera\347\365es com fatorial}{}% 22
\BOOKMARK [2][-]{subsection.0.23}{Exerc\355cios Fatorial}{}% 23
\BOOKMARK [2][-]{subsection.0.24}{An\341lise Combinat\363ria}{}% 24
\BOOKMARK [2][-]{subsection.0.25}{Arranjo Simples}{}% 25
\BOOKMARK [2][-]{subsection.0.26}{Exerc\355cios de Arranjo Simples}{}% 26
\BOOKMARK [2][-]{subsection.0.27}{Permuta\347\343o Simples}{}% 27
\BOOKMARK [2][-]{subsection.0.28}{exerc\355cios de Permuta\347\343o Simples}{}% 28
\BOOKMARK [2][-]{subsection.0.29}{Exerc\355cios de Raz\343o e Propor\347\343o}{}% 29
\BOOKMARK [2][-]{subsection.0.30}{Regra de Tr\352s Composta}{}% 30
\BOOKMARK [2][-]{subsection.0.31}{Exerc\355cios de Grandezas}{}% 31
\BOOKMARK [2][-]{subsection.0.32}{Progress\343o Aritm\351tica P.A.}{}% 32
\BOOKMARK [2][-]{subsection.0.33}{Exerc\355cios de P.A.}{}% 33
\BOOKMARK [2][-]{subsection.0.34}{Progress\343o Geom\351trica P.G.}{}% 34
\BOOKMARK [2][-]{subsection.0.35}{Exerc\355cios de P.G.}{}% 35
